<?xml version="1.0" encoding="UTF-8"?>
<testsuite name="Tests.ShoppingTest" tests="2" skipped="0" failures="0" errors="0" timestamp="2021-08-05T20:22:16" hostname="DESKTOP-S8P5BE1" time="6.041">
  <properties/>
  <testcase name="addToChart()" classname="Tests.ShoppingTest" time="4.169"/>
  <testcase name="removeFromCart()" classname="Tests.ShoppingTest" time="1.871"/>
  <system-out><![CDATA[]]></system-out>
  <system-err><![CDATA[[Test worker] INFO io.github.bonigarcia.wdm.WebDriverManager - Using chromedriver 92.0.4515.107 (resolved driver for Chrome 92)
[Test worker] INFO io.github.bonigarcia.wdm.WebDriverManager - Exporting webdriver.chrome.driver as C:\Users\user\.cache\selenium\chromedriver\win32\92.0.4515.107\chromedriver.exe
Starting ChromeDriver 92.0.4515.107 (87a818b10553a07434ea9e2b6dccf3cbe7895134-refs/branch-heads/4515@{#1634}) on port 17872
Only local connections are allowed.
Please see https://chromedriver.chromium.org/security-considerations for suggestions on keeping ChromeDriver safe.
ChromeDriver was started successfully.
aug. 05, 2021 10:22:16 DU org.openqa.selenium.remote.ProtocolHandshake createSession
INFO: Detected dialect: W3C
]]></system-err>
</testsuite>
