<?xml version="1.0" encoding="UTF-8"?>
<testsuite name="Tests.LoginTest" tests="2" skipped="0" failures="0" errors="0" timestamp="2021-08-05T12:47:23" hostname="DESKTOP-S8P5BE1" time="10.179">
  <properties/>
  <testcase name="unSuccessfulLogin()" classname="Tests.LoginTest" time="6.053"/>
  <testcase name="SuccessfulLogin()" classname="Tests.LoginTest" time="4.121"/>
  <system-out><![CDATA[]]></system-out>
  <system-err><![CDATA[[Test worker] INFO io.github.bonigarcia.wdm.WebDriverManager - Using chromedriver 92.0.4515.107 (resolved driver for Chrome 92)
[Test worker] INFO io.github.bonigarcia.wdm.WebDriverManager - Exporting webdriver.chrome.driver as C:\Users\user\.cache\selenium\chromedriver\win32\92.0.4515.107\chromedriver.exe
Starting ChromeDriver 92.0.4515.107 (87a818b10553a07434ea9e2b6dccf3cbe7895134-refs/branch-heads/4515@{#1634}) on port 36573
Only local connections are allowed.
Please see https://chromedriver.chromium.org/security-considerations for suggestions on keeping ChromeDriver safe.
ChromeDriver was started successfully.
aug. 05, 2021 2:47:23 DU org.openqa.selenium.remote.ProtocolHandshake createSession
INFO: Detected dialect: W3C
]]></system-err>
</testsuite>
